<?xml version="1.0" encoding="UTF-8"?>
<testng-results ignored="0" total="1" passed="1" failed="0" skipped="0">
  <reporter-output>
  </reporter-output>
  <suite started-at="2024-05-06T21:39:33 IST" name="Default suite" finished-at="2024-05-06T21:39:52 IST" duration-ms="18451">
    <groups>
    </groups>
    <test started-at="2024-05-06T21:39:33 IST" name="Default test" finished-at="2024-05-06T21:39:52 IST" duration-ms="18451">
      <class name="com.searchproduct.test.Product">
        <test-method is-config="true" signature="startProject()[pri:0, instance:com.searchproduct.test.Product@6aba2b86]" started-at="2024-05-06T21:39:33 IST" name="startProject" finished-at="2024-05-06T21:39:33 IST" duration-ms="9" status="PASS">
          <reporter-output>
          </reporter-output>
        </test-method> <!-- startProject -->
        <test-method signature="launchBrowser()[pri:0, instance:com.searchproduct.test.Product@6aba2b86]" started-at="2024-05-06T21:39:33 IST" name="launchBrowser" finished-at="2024-05-06T21:39:52 IST" duration-ms="18417" status="PASS">
          <reporter-output>
          </reporter-output>
        </test-method> <!-- launchBrowser -->
        <test-method is-config="true" signature="endProject()[pri:0, instance:com.searchproduct.test.Product@6aba2b86]" started-at="2024-05-06T21:39:52 IST" name="endProject" finished-at="2024-05-06T21:39:52 IST" duration-ms="1" status="PASS">
          <reporter-output>
          </reporter-output>
        </test-method> <!-- endProject -->
      </class> <!-- com.searchproduct.test.Product -->
    </test> <!-- Default test -->
  </suite> <!-- Default suite -->
</testng-results>
